<?xml version="1.0" encoding="UTF-8"?>
<!-- Generated by org.testng.reporters.JUnitReportReporter -->
<testsuite hostname="CL-NB-ROMI" name="TC02GenerarEnvio" tests="1" failures="0" timestamp="10 Apr 2017 20:49:45 GMT" time="28.381" errors="0">
  <testcase name="testTC02GenerarEnvio" time="28.381" classname="TC02GenerarEnvio"/>
</testsuite> <!-- TC02GenerarEnvio -->
