<?xml version="1.0" encoding="UTF-8"?>
<!-- Generated by org.testng.reporters.JUnitReportReporter -->
<testsuite hostname="CL-NB-ROMI" name="TC01Buscar" tests="1" failures="0" timestamp="10 Apr 2017 16:34:20 GMT" time="49.183" errors="0">
  <testcase name="testTC01Buscar" time="49.183" classname="TC01Buscar"/>
</testsuite> <!-- TC01Buscar -->
